<?xml version="1.0" encoding="UTF-8"?>
<!-- Generated by org.testng.reporters.JUnitReportReporter -->
<testsuite hostname="DESKTOP-JTCN2O7" name="web.base04.New_Test_Case03" tests="1" failures="0" timestamp="16 May 2019 08:45:05 GMT" time="8.189" errors="0">
  <testcase name="test_case_06" time="8.189" classname="web.base04.New_Test_Case03"/>
</testsuite> <!-- web.base04.New_Test_Case03 -->
