<?xml version="1.0" encoding="UTF-8"?>
<!-- Generated by org.testng.reporters.JUnitReportReporter -->
<testsuite hostname="DESKTOP-HLE2G3S" name="web.base02.Locate_Method_01" tests="1" failures="0" timestamp="11 May 2019 01:34:01 GMT" time="0.770" errors="0">
  <testcase name="test_case_02" time="0.770" classname="web.base02.Locate_Method_01"/>
</testsuite> <!-- web.base02.Locate_Method_01 -->
