<?xml version="1.0" encoding="UTF-8"?>
<!-- Generated by org.testng.reporters.JUnitReportReporter -->
<testsuite hostname="DESKTOP-JTCN2O7" name="web.base02.New_Test_Case03" tests="1" failures="0" timestamp="14 May 2019 07:06:20 GMT" time="12.214" errors="0">
  <testcase name="test_case_06" time="12.214" classname="web.base02.New_Test_Case03"/>
</testsuite> <!-- web.base02.New_Test_Case03 -->
