<?xml version="1.0" encoding="UTF-8"?>
<!-- Generated by org.testng.reporters.JUnitReportReporter -->
<testsuite hostname="DESKTOP-JTCN2O7" name="web.teachers.day08.testcase.regsiter.Register_Failure_Test_Case" tests="10" failures="0" timestamp="24 May 2019 08:02:51 GMT" time="9.539" errors="0">
  <testcase name="register_failure_test_case" time="0.520" classname="web.teachers.day08.testcase.regsiter.Register_Failure_Test_Case"/>
  <testcase name="register_failure_test_case" time="0.540" classname="web.teachers.day08.testcase.regsiter.Register_Failure_Test_Case"/>
  <testcase name="register_failure_test_case" time="0.519" classname="web.teachers.day08.testcase.regsiter.Register_Failure_Test_Case"/>
  <testcase name="register_failure_test_case" time="0.519" classname="web.teachers.day08.testcase.regsiter.Register_Failure_Test_Case"/>
  <testcase name="register_failure_test_case" time="0.441" classname="web.teachers.day08.testcase.regsiter.Register_Failure_Test_Case"/>
  <testcase name="register_failure_test_case" time="4.929" classname="web.teachers.day08.testcase.regsiter.Register_Failure_Test_Case"/>
  <testcase name="register_failure_test_case" time="0.526" classname="web.teachers.day08.testcase.regsiter.Register_Failure_Test_Case"/>
  <testcase name="register_failure_test_case" time="0.602" classname="web.teachers.day08.testcase.regsiter.Register_Failure_Test_Case"/>
  <testcase name="register_failure_test_case" time="0.486" classname="web.teachers.day08.testcase.regsiter.Register_Failure_Test_Case"/>
  <testcase name="register_failure_test_case" time="0.457" classname="web.teachers.day08.testcase.regsiter.Register_Failure_Test_Case"/>
</testsuite> <!-- web.teachers.day08.testcase.regsiter.Register_Failure_Test_Case -->
