<?xml version="1.0" encoding="UTF-8"?>
<!-- Generated by org.testng.reporters.JUnitReportReporter -->
<testsuite hostname="DESKTOP-JTCN2O7" name="web.base02.New_Test_Case_01" tests="2" failures="0" timestamp="10 May 2019 08:44:06 GMT" time="17.050" errors="0">
  <testcase name="test_case_01" time="2.641" classname="web.base02.New_Test_Case_01"/>
  <testcase name="test_case_02" time="14.409" classname="web.base02.New_Test_Case_01"/>
</testsuite> <!-- web.base02.New_Test_Case_01 -->
