<?xml version="1.0" encoding="UTF-8"?>
<!-- Generated by org.testng.reporters.JUnitReportReporter -->
<testsuite hostname="DESKTOP-JTCN2O7" name="web.base02.New_Test_Case_02" tests="2" failures="0" timestamp="10 May 2019 09:26:54 GMT" time="9.085" errors="0">
  <testcase name="test_case_01" time="3.543" classname="web.base02.New_Test_Case_02"/>
  <testcase name="test_case_02" time="5.542" classname="web.base02.New_Test_Case_02"/>
</testsuite> <!-- web.base02.New_Test_Case_02 -->
