<?xml version="1.0" encoding="UTF-8"?>
<!-- Generated by org.testng.reporters.JUnitReportReporter -->
<testsuite hostname="DESKTOP-JTCN2O7" name="web.base08.testcase.register.Register_Failure_Test_Case" tests="10" failures="0" timestamp="24 May 2019 08:05:49 GMT" time="33.083" errors="0">
  <testcase name="register_failure_test_case" time="0.623" classname="web.base08.testcase.register.Register_Failure_Test_Case"/>
  <testcase name="register_failure_test_case" time="0.538" classname="web.base08.testcase.register.Register_Failure_Test_Case"/>
  <testcase name="register_failure_test_case" time="0.704" classname="web.base08.testcase.register.Register_Failure_Test_Case"/>
  <testcase name="register_failure_test_case" time="2.136" classname="web.base08.testcase.register.Register_Failure_Test_Case"/>
  <testcase name="register_failure_test_case" time="5.438" classname="web.base08.testcase.register.Register_Failure_Test_Case"/>
  <testcase name="register_failure_test_case" time="11.324" classname="web.base08.testcase.register.Register_Failure_Test_Case"/>
  <testcase name="register_failure_test_case" time="0.576" classname="web.base08.testcase.register.Register_Failure_Test_Case"/>
  <testcase name="register_failure_test_case" time="0.819" classname="web.base08.testcase.register.Register_Failure_Test_Case"/>
  <testcase name="register_failure_test_case" time="5.450" classname="web.base08.testcase.register.Register_Failure_Test_Case"/>
  <testcase name="register_failure_test_case" time="5.475" classname="web.base08.testcase.register.Register_Failure_Test_Case"/>
</testsuite> <!-- web.base08.testcase.register.Register_Failure_Test_Case -->
