<?xml version="1.0" encoding="UTF-8"?>
<!-- Generated by org.testng.reporters.JUnitReportReporter -->
<testsuite hostname="DESKTOP-JTCN2O7" name="base04.ExcelUtilsTest" tests="22" failures="0" timestamp="28 May 2019 03:33:42 GMT" time="2.357" errors="0">
  <testcase name="get" time="0.072" classname="base04.ExcelUtilsTest"/>
  <testcase name="get" time="0.080" classname="base04.ExcelUtilsTest"/>
  <testcase name="post" time="0.070" classname="base04.ExcelUtilsTest"/>
  <testcase name="post" time="0.069" classname="base04.ExcelUtilsTest"/>
  <testcase name="get" time="0.062" classname="base04.ExcelUtilsTest"/>
  <testcase name="post" time="0.069" classname="base04.ExcelUtilsTest"/>
  <testcase name="get" time="0.075" classname="base04.ExcelUtilsTest"/>
  <testcase name="get" time="0.847" classname="base04.ExcelUtilsTest"/>
  <testcase name="post" time="0.063" classname="base04.ExcelUtilsTest"/>
  <testcase name="post" time="0.073" classname="base04.ExcelUtilsTest"/>
  <testcase name="post" time="0.069" classname="base04.ExcelUtilsTest"/>
  <testcase name="post" time="0.062" classname="base04.ExcelUtilsTest"/>
  <testcase name="get" time="0.074" classname="base04.ExcelUtilsTest"/>
  <testcase name="post" time="0.081" classname="base04.ExcelUtilsTest"/>
  <testcase name="get" time="0.077" classname="base04.ExcelUtilsTest"/>
  <testcase name="post" time="0.069" classname="base04.ExcelUtilsTest"/>
  <testcase name="post" time="0.069" classname="base04.ExcelUtilsTest"/>
  <testcase name="get" time="0.071" classname="base04.ExcelUtilsTest"/>
  <testcase name="post" time="0.078" classname="base04.ExcelUtilsTest"/>
  <testcase name="get" time="0.074" classname="base04.ExcelUtilsTest"/>
  <testcase name="get" time="0.077" classname="base04.ExcelUtilsTest"/>
  <testcase name="get" time="0.076" classname="base04.ExcelUtilsTest"/>
</testsuite> <!-- base04.ExcelUtilsTest -->
