<?xml version="1.0" encoding="UTF-8"?>
<!-- Generated by org.testng.reporters.JUnitReportReporter -->
<testsuite hostname="DESKTOP-JTCN2O7" name="base04.ExcelUtilsTestUpdate" tests="22" failures="0" timestamp="28 May 2019 03:49:45 GMT" time="2.644" errors="0">
  <testcase name="get" time="0.087" classname="base04.ExcelUtilsTestUpdate"/>
  <testcase name="get" time="0.072" classname="base04.ExcelUtilsTestUpdate"/>
  <testcase name="post" time="0.087" classname="base04.ExcelUtilsTestUpdate"/>
  <testcase name="post" time="0.079" classname="base04.ExcelUtilsTestUpdate"/>
  <testcase name="get" time="0.073" classname="base04.ExcelUtilsTestUpdate"/>
  <testcase name="post" time="0.091" classname="base04.ExcelUtilsTestUpdate"/>
  <testcase name="get" time="0.103" classname="base04.ExcelUtilsTestUpdate"/>
  <testcase name="post" time="0.090" classname="base04.ExcelUtilsTestUpdate"/>
  <testcase name="post" time="0.085" classname="base04.ExcelUtilsTestUpdate"/>
  <testcase name="post" time="0.074" classname="base04.ExcelUtilsTestUpdate"/>
  <testcase name="post" time="0.067" classname="base04.ExcelUtilsTestUpdate"/>
  <testcase name="get" time="0.897" classname="base04.ExcelUtilsTestUpdate"/>
  <testcase name="get" time="0.079" classname="base04.ExcelUtilsTestUpdate"/>
  <testcase name="post" time="0.110" classname="base04.ExcelUtilsTestUpdate"/>
  <testcase name="get" time="0.070" classname="base04.ExcelUtilsTestUpdate"/>
  <testcase name="post" time="0.087" classname="base04.ExcelUtilsTestUpdate"/>
  <testcase name="post" time="0.083" classname="base04.ExcelUtilsTestUpdate"/>
  <testcase name="get" time="0.093" classname="base04.ExcelUtilsTestUpdate"/>
  <testcase name="post" time="0.088" classname="base04.ExcelUtilsTestUpdate"/>
  <testcase name="get" time="0.076" classname="base04.ExcelUtilsTestUpdate"/>
  <testcase name="get" time="0.079" classname="base04.ExcelUtilsTestUpdate"/>
  <testcase name="get" time="0.074" classname="base04.ExcelUtilsTestUpdate"/>
</testsuite> <!-- base04.ExcelUtilsTestUpdate -->
