<?xml version="1.0" encoding="UTF-8"?>
<!-- Generated by org.testng.reporters.JUnitReportReporter -->
<testsuite hostname="DESKTOP-JTCN2O7" name="base02.section01.HttpUtilsTest" tests="6" failures="0" timestamp="20 May 2019 08:52:38 GMT" time="1.173" errors="0">
  <testcase name="get" time="0.827" classname="base02.section01.HttpUtilsTest"/>
  <testcase name="get" time="0.071" classname="base02.section01.HttpUtilsTest"/>
  <testcase name="post" time="0.076" classname="base02.section01.HttpUtilsTest"/>
  <testcase name="get" time="0.064" classname="base02.section01.HttpUtilsTest"/>
  <testcase name="post" time="0.072" classname="base02.section01.HttpUtilsTest"/>
  <testcase name="post" time="0.063" classname="base02.section01.HttpUtilsTest"/>
</testsuite> <!-- base02.section01.HttpUtilsTest -->
