<?xml version="1.0" encoding="UTF-8"?>
<!-- Generated by org.testng.reporters.JUnitReportReporter -->
<testsuite hostname="DESKTOP-HLE2G3S" name="base06.section02.test.ExcelUtilsTest" tests="11" failures="0" timestamp="7 Jun 2019 11:00:50 GMT" time="1.511" errors="0">
  <testcase name="get" time="0.696" classname="base06.section02.test.ExcelUtilsTest"/>
  <testcase name="get" time="0.086" classname="base06.section02.test.ExcelUtilsTest"/>
  <testcase name="get" time="0.080" classname="base06.section02.test.ExcelUtilsTest"/>
  <testcase name="get" time="0.083" classname="base06.section02.test.ExcelUtilsTest"/>
  <testcase name="get" time="0.076" classname="base06.section02.test.ExcelUtilsTest"/>
  <testcase name="get" time="0.083" classname="base06.section02.test.ExcelUtilsTest"/>
  <testcase name="get" time="0.069" classname="base06.section02.test.ExcelUtilsTest"/>
  <testcase name="get" time="0.080" classname="base06.section02.test.ExcelUtilsTest"/>
  <testcase name="get" time="0.092" classname="base06.section02.test.ExcelUtilsTest"/>
  <testcase name="get" time="0.085" classname="base06.section02.test.ExcelUtilsTest"/>
  <testcase name="get" time="0.081" classname="base06.section02.test.ExcelUtilsTest"/>
</testsuite> <!-- base06.section02.test.ExcelUtilsTest -->
