<?xml version="1.0" encoding="UTF-8"?>
<!-- Generated by org.testng.reporters.JUnitReportReporter -->
<testsuite hostname="DESKTOP-HLE2G3S" name="base05.test.ExcelUtilsTest" tests="11" failures="0" timestamp="2 Jun 2019 10:30:08 GMT" time="1.979" errors="0">
  <testcase name="get" time="0.105" classname="base05.test.ExcelUtilsTest"/>
  <testcase name="get" time="0.102" classname="base05.test.ExcelUtilsTest"/>
  <testcase name="get" time="0.114" classname="base05.test.ExcelUtilsTest"/>
  <testcase name="get" time="0.157" classname="base05.test.ExcelUtilsTest"/>
  <testcase name="get" time="0.108" classname="base05.test.ExcelUtilsTest"/>
  <testcase name="get" time="0.115" classname="base05.test.ExcelUtilsTest"/>
  <testcase name="get" time="0.812" classname="base05.test.ExcelUtilsTest"/>
  <testcase name="get" time="0.119" classname="base05.test.ExcelUtilsTest"/>
  <testcase name="get" time="0.095" classname="base05.test.ExcelUtilsTest"/>
  <testcase name="get" time="0.153" classname="base05.test.ExcelUtilsTest"/>
  <testcase name="get" time="0.099" classname="base05.test.ExcelUtilsTest"/>
</testsuite> <!-- base05.test.ExcelUtilsTest -->
