<?xml version="1.0" encoding="UTF-8"?>
<!-- Generated by org.testng.reporters.JUnitReportReporter -->
<testsuite hostname="DESKTOP-HLE2G3S" name="base06.section01.test.ExcelUtilsTest" tests="11" failures="0" timestamp="7 Jun 2019 09:43:37 GMT" time="1.596" errors="0">
  <testcase name="get" time="0.101" classname="base06.section01.test.ExcelUtilsTest"/>
  <testcase name="get" time="0.087" classname="base06.section01.test.ExcelUtilsTest"/>
  <testcase name="get" time="0.088" classname="base06.section01.test.ExcelUtilsTest"/>
  <testcase name="get" time="0.721" classname="base06.section01.test.ExcelUtilsTest"/>
  <testcase name="get" time="0.074" classname="base06.section01.test.ExcelUtilsTest"/>
  <testcase name="get" time="0.093" classname="base06.section01.test.ExcelUtilsTest"/>
  <testcase name="get" time="0.082" classname="base06.section01.test.ExcelUtilsTest"/>
  <testcase name="get" time="0.084" classname="base06.section01.test.ExcelUtilsTest"/>
  <testcase name="get" time="0.080" classname="base06.section01.test.ExcelUtilsTest"/>
  <testcase name="get" time="0.085" classname="base06.section01.test.ExcelUtilsTest"/>
  <testcase name="get" time="0.101" classname="base06.section01.test.ExcelUtilsTest"/>
</testsuite> <!-- base06.section01.test.ExcelUtilsTest -->
