<?xml version="1.0" encoding="UTF-8"?>
<!-- Generated by org.testng.reporters.JUnitReportReporter -->
<testsuite hostname="DESKTOP-JTCN2O7" name="base04.test.ExcelUtilsTestUpdate" tests="22" failures="0" timestamp="28 May 2019 08:41:32 GMT" time="2.259" errors="0">
  <testcase name="get" time="0.069" classname="base04.test.ExcelUtilsTestUpdate"/>
  <testcase name="get" time="0.062" classname="base04.test.ExcelUtilsTestUpdate"/>
  <testcase name="post" time="0.070" classname="base04.test.ExcelUtilsTestUpdate"/>
  <testcase name="post" time="0.063" classname="base04.test.ExcelUtilsTestUpdate"/>
  <testcase name="get" time="0.069" classname="base04.test.ExcelUtilsTestUpdate"/>
  <testcase name="post" time="0.065" classname="base04.test.ExcelUtilsTestUpdate"/>
  <testcase name="get" time="0.062" classname="base04.test.ExcelUtilsTestUpdate"/>
  <testcase name="get" time="0.872" classname="base04.test.ExcelUtilsTestUpdate"/>
  <testcase name="post" time="0.070" classname="base04.test.ExcelUtilsTestUpdate"/>
  <testcase name="post" time="0.071" classname="base04.test.ExcelUtilsTestUpdate"/>
  <testcase name="post" time="0.066" classname="base04.test.ExcelUtilsTestUpdate"/>
  <testcase name="post" time="0.061" classname="base04.test.ExcelUtilsTestUpdate"/>
  <testcase name="get" time="0.065" classname="base04.test.ExcelUtilsTestUpdate"/>
  <testcase name="post" time="0.071" classname="base04.test.ExcelUtilsTestUpdate"/>
  <testcase name="get" time="0.061" classname="base04.test.ExcelUtilsTestUpdate"/>
  <testcase name="post" time="0.064" classname="base04.test.ExcelUtilsTestUpdate"/>
  <testcase name="post" time="0.067" classname="base04.test.ExcelUtilsTestUpdate"/>
  <testcase name="get" time="0.063" classname="base04.test.ExcelUtilsTestUpdate"/>
  <testcase name="post" time="0.063" classname="base04.test.ExcelUtilsTestUpdate"/>
  <testcase name="get" time="0.067" classname="base04.test.ExcelUtilsTestUpdate"/>
  <testcase name="get" time="0.066" classname="base04.test.ExcelUtilsTestUpdate"/>
  <testcase name="get" time="0.072" classname="base04.test.ExcelUtilsTestUpdate"/>
</testsuite> <!-- base04.test.ExcelUtilsTestUpdate -->
