<?xml version="1.0" encoding="UTF-8"?>
<!-- Generated by org.testng.reporters.JUnitReportReporter -->
<testsuite hostname="DESKTOP-JTCN2O7" name="base02.HttpPostTest" tests="3" failures="0" timestamp="20 May 2019 07:38:56 GMT" time="0.932" errors="0">
  <testcase name="post" time="0.802" classname="base02.HttpPostTest"/>
  <testcase name="post" time="0.069" classname="base02.HttpPostTest"/>
  <testcase name="post" time="0.061" classname="base02.HttpPostTest"/>
</testsuite> <!-- base02.HttpPostTest -->
