<?xml version="1.0" encoding="UTF-8"?>
<!-- Generated by org.testng.reporters.JUnitReportReporter -->
<testsuite hostname="DESKTOP-JTCN2O7" name="base02.HttpGetTest" tests="3" failures="0" timestamp="20 May 2019 07:25:24 GMT" time="0.889" errors="0">
  <testcase name="get" time="0.071" classname="base02.HttpGetTest"/>
  <testcase name="get" time="0.756" classname="base02.HttpGetTest"/>
  <testcase name="get" time="0.062" classname="base02.HttpGetTest"/>
</testsuite> <!-- base02.HttpGetTest -->
