<?xml version="1.0" encoding="UTF-8"?>
<!-- Generated by org.testng.reporters.JUnitReportReporter -->
<testsuite hostname="DESKTOP-HLE2G3S" name="base07.test.ExcelUtilsTest" tests="11" failures="0" timestamp="8 Jun 2019 08:43:49 GMT" time="3.261" errors="0">
  <testcase name="get" time="0.082" classname="base07.test.ExcelUtilsTest"/>
  <testcase name="get" time="0.072" classname="base07.test.ExcelUtilsTest"/>
  <testcase name="get" time="0.110" classname="base07.test.ExcelUtilsTest"/>
  <testcase name="get" time="0.070" classname="base07.test.ExcelUtilsTest"/>
  <testcase name="get" time="0.077" classname="base07.test.ExcelUtilsTest"/>
  <testcase name="get" time="0.067" classname="base07.test.ExcelUtilsTest"/>
  <testcase name="get" time="1.877" classname="base07.test.ExcelUtilsTest"/>
  <testcase name="get" time="0.378" classname="base07.test.ExcelUtilsTest"/>
  <testcase name="get" time="0.370" classname="base07.test.ExcelUtilsTest"/>
  <testcase name="get" time="0.073" classname="base07.test.ExcelUtilsTest"/>
  <testcase name="get" time="0.085" classname="base07.test.ExcelUtilsTest"/>
</testsuite> <!-- base07.test.ExcelUtilsTest -->
