<?xml version="1.0" encoding="UTF-8"?>
<!-- Generated by org.testng.reporters.JUnitReportReporter -->
<testsuite hostname="DESKTOP-JTCN2O7" name="base03.ExcelUtilsTest" tests="10" failures="0" timestamp="27 May 2019 08:47:03 GMT" time="2.437" errors="0">
  <testcase name="get" time="0.529" classname="base03.ExcelUtilsTest"/>
  <testcase name="post" time="0.083" classname="base03.ExcelUtilsTest"/>
  <testcase name="post" time="0.078" classname="base03.ExcelUtilsTest"/>
  <testcase name="get" time="1.316" classname="base03.ExcelUtilsTest"/>
  <testcase name="post" time="0.069" classname="base03.ExcelUtilsTest"/>
  <testcase name="get" time="0.070" classname="base03.ExcelUtilsTest"/>
  <testcase name="post" time="0.078" classname="base03.ExcelUtilsTest"/>
  <testcase name="post" time="0.069" classname="base03.ExcelUtilsTest"/>
  <testcase name="get" time="0.077" classname="base03.ExcelUtilsTest"/>
  <testcase name="get" time="0.068" classname="base03.ExcelUtilsTest"/>
</testsuite> <!-- base03.ExcelUtilsTest -->
