<?xml version="1.0" encoding="UTF-8"?>
<!-- Generated by org.testng.reporters.JUnitReportReporter -->
<testsuite hostname="DESKTOP-HLE2G3S" name="base08.test.ExcelUtilsTest" tests="28" failures="0" timestamp="12 Jun 2019 15:01:20 GMT" time="9.845" errors="0">
  <testcase name="get" time="0.089" classname="base08.test.ExcelUtilsTest"/>
  <testcase name="get" time="0.086" classname="base08.test.ExcelUtilsTest"/>
  <testcase name="get" time="0.414" classname="base08.test.ExcelUtilsTest"/>
  <testcase name="get" time="0.422" classname="base08.test.ExcelUtilsTest"/>
  <testcase name="get" time="1.109" classname="base08.test.ExcelUtilsTest"/>
  <testcase name="get" time="0.085" classname="base08.test.ExcelUtilsTest"/>
  <testcase name="get" time="0.087" classname="base08.test.ExcelUtilsTest"/>
  <testcase name="get" time="2.029" classname="base08.test.ExcelUtilsTest"/>
  <testcase name="get" time="0.102" classname="base08.test.ExcelUtilsTest"/>
  <testcase name="get" time="0.085" classname="base08.test.ExcelUtilsTest"/>
  <testcase name="get" time="0.084" classname="base08.test.ExcelUtilsTest"/>
  <testcase name="get" time="0.086" classname="base08.test.ExcelUtilsTest"/>
  <testcase name="get" time="0.088" classname="base08.test.ExcelUtilsTest"/>
  <testcase name="get" time="0.432" classname="base08.test.ExcelUtilsTest"/>
  <testcase name="get" time="0.085" classname="base08.test.ExcelUtilsTest"/>
  <testcase name="get" time="0.767" classname="base08.test.ExcelUtilsTest"/>
  <testcase name="get" time="0.423" classname="base08.test.ExcelUtilsTest"/>
  <testcase name="get" time="1.425" classname="base08.test.ExcelUtilsTest"/>
  <testcase name="get" time="0.088" classname="base08.test.ExcelUtilsTest"/>
  <testcase name="get" time="0.087" classname="base08.test.ExcelUtilsTest"/>
  <testcase name="get" time="0.085" classname="base08.test.ExcelUtilsTest"/>
  <testcase name="get" time="0.091" classname="base08.test.ExcelUtilsTest"/>
  <testcase name="get" time="0.086" classname="base08.test.ExcelUtilsTest"/>
  <testcase name="get" time="0.474" classname="base08.test.ExcelUtilsTest"/>
  <testcase name="get" time="0.091" classname="base08.test.ExcelUtilsTest"/>
  <testcase name="get" time="0.754" classname="base08.test.ExcelUtilsTest"/>
  <testcase name="get" time="0.106" classname="base08.test.ExcelUtilsTest"/>
  <testcase name="get" time="0.085" classname="base08.test.ExcelUtilsTest"/>
</testsuite> <!-- base08.test.ExcelUtilsTest -->
