<?xml version="1.0" encoding="UTF-8"?>
<!-- Generated by org.testng.reporters.JUnitReportReporter -->
<testsuite hostname="DESKTOP-JTCN2O7" name="base02.section01.HttpGetTestUpdate" tests="3" failures="0" timestamp="20 May 2019 08:18:45 GMT" time="0.946" errors="0">
  <testcase name="get" time="0.820" classname="base02.section01.HttpGetTestUpdate"/>
  <testcase name="get" time="0.062" classname="base02.section01.HttpGetTestUpdate"/>
  <testcase name="get" time="0.064" classname="base02.section01.HttpGetTestUpdate"/>
</testsuite> <!-- base02.section01.HttpGetTestUpdate -->
