<?xml version="1.0" encoding="UTF-8"?>
<!-- Generated by org.testng.reporters.JUnitReportReporter -->
<testsuite hostname="DESKTOP-HLE2G3S" name="api.retry.Post" tests="4" failures="0" timestamp="14 Apr 2019 13:34:51 GMT" time="1.066" errors="0">
  <testcase name="post" time="0.070" classname="api.retry.Post"/>
  <testcase name="post" time="0.831" classname="api.retry.Post"/>
  <testcase name="post" time="0.073" classname="api.retry.Post"/>
  <testcase name="post" time="0.092" classname="api.retry.Post"/>
</testsuite> <!-- api.retry.Post -->
