<?xml version="1.0" encoding="UTF-8"?>
<!-- Generated by org.testng.reporters.JUnitReportReporter -->
<testsuite hostname="DESKTOP-JTCN2O7" name="api.advanced.data_re_write_update.testcase.AllTestCase" tests="11" failures="0" timestamp="19 Apr 2019 09:32:14 GMT" time="1.348" errors="0">
  <testcase name="post" time="0.710" classname="api.advanced.data_re_write_update.testcase.AllTestCase"/>
  <testcase name="post" time="0.066" classname="api.advanced.data_re_write_update.testcase.AllTestCase"/>
  <testcase name="post" time="0.059" classname="api.advanced.data_re_write_update.testcase.AllTestCase"/>
  <testcase name="post" time="0.071" classname="api.advanced.data_re_write_update.testcase.AllTestCase"/>
  <testcase name="post" time="0.059" classname="api.advanced.data_re_write_update.testcase.AllTestCase"/>
  <testcase name="post" time="0.061" classname="api.advanced.data_re_write_update.testcase.AllTestCase"/>
  <testcase name="post" time="0.063" classname="api.advanced.data_re_write_update.testcase.AllTestCase"/>
  <testcase name="post" time="0.059" classname="api.advanced.data_re_write_update.testcase.AllTestCase"/>
  <testcase name="post" time="0.068" classname="api.advanced.data_re_write_update.testcase.AllTestCase"/>
  <testcase name="post" time="0.070" classname="api.advanced.data_re_write_update.testcase.AllTestCase"/>
  <testcase name="post" time="0.062" classname="api.advanced.data_re_write_update.testcase.AllTestCase"/>
</testsuite> <!-- api.advanced.data_re_write_update.testcase.AllTestCase -->
