<?xml version="1.0" encoding="UTF-8"?>
<!-- Generated by org.testng.reporters.JUnitReportReporter -->
<testsuite hostname="DESKTOP-HLE2G3S" name="api.base.BaseGet" tests="1" failures="0" timestamp="29 Mar 2019 14:05:24 GMT" time="0.691" errors="0">
  <testcase name="testGet1" time="0.691" classname="api.base.BaseGet"/>
</testsuite> <!-- api.base.BaseGet -->
