<?xml version="1.0" encoding="UTF-8"?>
<!-- Generated by org.testng.reporters.JUnitReportReporter -->
<testsuite hostname="DESKTOP-HLE2G3S" name="api.medium.MediumGet1Update2" tests="3" failures="0" timestamp="30 Mar 2019 17:45:50 GMT" time="0.683" errors="0">
  <testcase name="Get1Update" time="0.007" classname="api.medium.MediumGet1Update2"/>
  <testcase name="Get1Update" time="0.008" classname="api.medium.MediumGet1Update2"/>
  <testcase name="Get1Update" time="0.668" classname="api.medium.MediumGet1Update2"/>
</testsuite> <!-- api.medium.MediumGet1Update2 -->
