<?xml version="1.0" encoding="UTF-8"?>
<!-- Generated by org.testng.reporters.JUnitReportReporter -->
<testsuite hostname="DESKTOP-HLE2G3S" name="api.medium.MediumGet2" tests="3" failures="0" timestamp="30 Mar 2019 16:19:43 GMT" time="0.685" errors="0">
  <testcase name="Get2" time="0.664" classname="api.medium.MediumGet2"/>
  <testcase name="Get2" time="0.010" classname="api.medium.MediumGet2"/>
  <testcase name="Get2" time="0.011" classname="api.medium.MediumGet2"/>
</testsuite> <!-- api.medium.MediumGet2 -->
