<?xml version="1.0" encoding="UTF-8"?>
<!-- Generated by org.testng.reporters.JUnitReportReporter -->
<testsuite hostname="DESKTOP-HLE2G3S" name="api.advanced.reflect.AllTestCase" tests="22" failures="0" timestamp="5 Apr 2019 09:43:01 GMT" time="2.402" errors="0">
  <testcase name="post" time="0.080" classname="api.advanced.reflect.AllTestCase"/>
  <testcase name="post" time="0.084" classname="api.advanced.reflect.AllTestCase"/>
  <testcase name="get" time="0.079" classname="api.advanced.reflect.AllTestCase"/>
  <testcase name="get" time="0.074" classname="api.advanced.reflect.AllTestCase"/>
  <testcase name="get" time="0.080" classname="api.advanced.reflect.AllTestCase"/>
  <testcase name="get" time="0.075" classname="api.advanced.reflect.AllTestCase"/>
  <testcase name="get" time="0.735" classname="api.advanced.reflect.AllTestCase"/>
  <testcase name="post" time="0.072" classname="api.advanced.reflect.AllTestCase"/>
  <testcase name="get" time="0.077" classname="api.advanced.reflect.AllTestCase"/>
  <testcase name="get" time="0.073" classname="api.advanced.reflect.AllTestCase"/>
  <testcase name="post" time="0.080" classname="api.advanced.reflect.AllTestCase"/>
  <testcase name="get" time="0.074" classname="api.advanced.reflect.AllTestCase"/>
  <testcase name="post" time="0.080" classname="api.advanced.reflect.AllTestCase"/>
  <testcase name="post" time="0.076" classname="api.advanced.reflect.AllTestCase"/>
  <testcase name="post" time="0.083" classname="api.advanced.reflect.AllTestCase"/>
  <testcase name="get" time="0.080" classname="api.advanced.reflect.AllTestCase"/>
  <testcase name="get" time="0.079" classname="api.advanced.reflect.AllTestCase"/>
  <testcase name="post" time="0.080" classname="api.advanced.reflect.AllTestCase"/>
  <testcase name="post" time="0.084" classname="api.advanced.reflect.AllTestCase"/>
  <testcase name="post" time="0.090" classname="api.advanced.reflect.AllTestCase"/>
  <testcase name="post" time="0.085" classname="api.advanced.reflect.AllTestCase"/>
  <testcase name="get" time="0.082" classname="api.advanced.reflect.AllTestCase"/>
</testsuite> <!-- api.advanced.reflect.AllTestCase -->
