<?xml version="1.0" encoding="UTF-8"?>
<!-- Generated by org.testng.reporters.JUnitReportReporter -->
<testsuite hostname="DESKTOP-HLE2G3S" name="api.advanced.reflectUpdate.AllTestCase" tests="22" failures="0" timestamp="6 Apr 2019 05:10:19 GMT" time="2.485" errors="0">
  <testcase name="post" time="0.086" classname="api.advanced.reflectUpdate.AllTestCase"/>
  <testcase name="post" time="0.088" classname="api.advanced.reflectUpdate.AllTestCase"/>
  <testcase name="get" time="0.079" classname="api.advanced.reflectUpdate.AllTestCase"/>
  <testcase name="get" time="0.083" classname="api.advanced.reflectUpdate.AllTestCase"/>
  <testcase name="get" time="0.071" classname="api.advanced.reflectUpdate.AllTestCase"/>
  <testcase name="get" time="0.074" classname="api.advanced.reflectUpdate.AllTestCase"/>
  <testcase name="get" time="0.757" classname="api.advanced.reflectUpdate.AllTestCase"/>
  <testcase name="post" time="0.086" classname="api.advanced.reflectUpdate.AllTestCase"/>
  <testcase name="get" time="0.073" classname="api.advanced.reflectUpdate.AllTestCase"/>
  <testcase name="get" time="0.096" classname="api.advanced.reflectUpdate.AllTestCase"/>
  <testcase name="post" time="0.091" classname="api.advanced.reflectUpdate.AllTestCase"/>
  <testcase name="get" time="0.067" classname="api.advanced.reflectUpdate.AllTestCase"/>
  <testcase name="post" time="0.092" classname="api.advanced.reflectUpdate.AllTestCase"/>
  <testcase name="post" time="0.083" classname="api.advanced.reflectUpdate.AllTestCase"/>
  <testcase name="post" time="0.085" classname="api.advanced.reflectUpdate.AllTestCase"/>
  <testcase name="get" time="0.082" classname="api.advanced.reflectUpdate.AllTestCase"/>
  <testcase name="get" time="0.082" classname="api.advanced.reflectUpdate.AllTestCase"/>
  <testcase name="post" time="0.074" classname="api.advanced.reflectUpdate.AllTestCase"/>
  <testcase name="post" time="0.085" classname="api.advanced.reflectUpdate.AllTestCase"/>
  <testcase name="post" time="0.087" classname="api.advanced.reflectUpdate.AllTestCase"/>
  <testcase name="post" time="0.090" classname="api.advanced.reflectUpdate.AllTestCase"/>
  <testcase name="get" time="0.074" classname="api.advanced.reflectUpdate.AllTestCase"/>
</testsuite> <!-- api.advanced.reflectUpdate.AllTestCase -->
