<?xml version="1.0" encoding="UTF-8"?>
<!-- Generated by org.testng.reporters.JUnitReportReporter -->
<testsuite hostname="DESKTOP-JTCN2O7" name="api.retry.Request" tests="22" failures="0" timestamp="15 Apr 2019 09:34:16 GMT" time="2.150" errors="0">
  <testcase name="get" time="0.064" classname="api.retry.Request"/>
  <testcase name="get" time="0.072" classname="api.retry.Request"/>
  <testcase name="post" time="0.080" classname="api.retry.Request"/>
  <testcase name="get" time="0.060" classname="api.retry.Request"/>
  <testcase name="get" time="0.067" classname="api.retry.Request"/>
  <testcase name="post" time="0.068" classname="api.retry.Request"/>
  <testcase name="post" time="0.072" classname="api.retry.Request"/>
  <testcase name="post" time="0.059" classname="api.retry.Request"/>
  <testcase name="post" time="0.063" classname="api.retry.Request"/>
  <testcase name="post" time="0.070" classname="api.retry.Request"/>
  <testcase name="get" time="0.074" classname="api.retry.Request"/>
  <testcase name="get" time="0.059" classname="api.retry.Request"/>
  <testcase name="post" time="0.065" classname="api.retry.Request"/>
  <testcase name="get" time="0.063" classname="api.retry.Request"/>
  <testcase name="post" time="0.057" classname="api.retry.Request"/>
  <testcase name="get" time="0.072" classname="api.retry.Request"/>
  <testcase name="post" time="0.061" classname="api.retry.Request"/>
  <testcase name="get" time="0.070" classname="api.retry.Request"/>
  <testcase name="get" time="0.753" classname="api.retry.Request"/>
  <testcase name="post" time="0.059" classname="api.retry.Request"/>
  <testcase name="post" time="0.072" classname="api.retry.Request"/>
  <testcase name="get" time="0.070" classname="api.retry.Request"/>
</testsuite> <!-- api.retry.Request -->
