<?xml version="1.0" encoding="UTF-8"?>
<!-- Generated by org.testng.reporters.JUnitReportReporter -->
<testsuite hostname="DESKTOP-HLE2G3S" name="api.retry.Request" tests="22" failures="0" timestamp="15 Apr 2019 15:23:06 GMT" time="2.435" errors="0">
  <testcase name="get" time="0.083" classname="api.retry.Request"/>
  <testcase name="get" time="0.094" classname="api.retry.Request"/>
  <testcase name="get" time="0.080" classname="api.retry.Request"/>
  <testcase name="post" time="0.083" classname="api.retry.Request"/>
  <testcase name="post" time="0.088" classname="api.retry.Request"/>
  <testcase name="post" time="0.080" classname="api.retry.Request"/>
  <testcase name="post" time="0.085" classname="api.retry.Request"/>
  <testcase name="get" time="0.698" classname="api.retry.Request"/>
  <testcase name="post" time="0.078" classname="api.retry.Request"/>
  <testcase name="get" time="0.076" classname="api.retry.Request"/>
  <testcase name="post" time="0.076" classname="api.retry.Request"/>
  <testcase name="get" time="0.076" classname="api.retry.Request"/>
  <testcase name="get" time="0.084" classname="api.retry.Request"/>
  <testcase name="get" time="0.093" classname="api.retry.Request"/>
  <testcase name="post" time="0.066" classname="api.retry.Request"/>
  <testcase name="get" time="0.082" classname="api.retry.Request"/>
  <testcase name="post" time="0.086" classname="api.retry.Request"/>
  <testcase name="post" time="0.080" classname="api.retry.Request"/>
  <testcase name="post" time="0.078" classname="api.retry.Request"/>
  <testcase name="get" time="0.098" classname="api.retry.Request"/>
  <testcase name="post" time="0.087" classname="api.retry.Request"/>
  <testcase name="get" time="0.084" classname="api.retry.Request"/>
</testsuite> <!-- api.retry.Request -->
