<?xml version="1.0" encoding="UTF-8"?>
<!-- Generated by org.testng.reporters.JUnitReportReporter -->
<testsuite hostname="DESKTOP-HLE2G3S" name="api.medium.MediumGet1" tests="3" failures="0" timestamp="30 Mar 2019 16:08:51 GMT" time="0.676" errors="0">
  <testcase name="Get1" time="0.006" classname="api.medium.MediumGet1"/>
  <testcase name="Get1" time="0.664" classname="api.medium.MediumGet1"/>
  <testcase name="Get1" time="0.006" classname="api.medium.MediumGet1"/>
</testsuite> <!-- api.medium.MediumGet1 -->
