<?xml version="1.0" encoding="UTF-8"?>
<!-- Generated by org.testng.reporters.JUnitReportReporter -->
<testsuite hostname="DESKTOP-HLE2G3S" name="api.retry.Get" tests="4" failures="0" timestamp="14 Apr 2019 13:33:08 GMT" time="0.931" errors="0">
  <testcase name="get" time="0.075" classname="api.retry.Get"/>
  <testcase name="get" time="0.078" classname="api.retry.Get"/>
  <testcase name="get" time="0.709" classname="api.retry.Get"/>
  <testcase name="get" time="0.069" classname="api.retry.Get"/>
</testsuite> <!-- api.retry.Get -->
