<?xml version="1.0" encoding="UTF-8"?>
<!-- Generated by org.testng.reporters.JUnitReportReporter -->
<testsuite hostname="DESKTOP-JTCN2O7" name="api.retry.Post" tests="4" failures="0" timestamp="15 Apr 2019 06:57:10 GMT" time="0.909" errors="0">
  <testcase name="post" time="0.058" classname="api.retry.Post"/>
  <testcase name="post" time="0.060" classname="api.retry.Post"/>
  <testcase name="post" time="0.071" classname="api.retry.Post"/>
  <testcase name="post" time="0.720" classname="api.retry.Post"/>
</testsuite> <!-- api.retry.Post -->
