<?xml version="1.0" encoding="UTF-8"?>
<!-- Generated by org.testng.reporters.JUnitReportReporter -->
<testsuite hostname="DESKTOP-HLE2G3S" name="api.base.BasePost" tests="1" failures="0" timestamp="29 Mar 2019 14:49:16 GMT" time="0.680" errors="0">
  <testcase name="testPost1" time="0.680" classname="api.base.BasePost"/>
</testsuite> <!-- api.base.BasePost -->
