<?xml version="1.0" encoding="UTF-8"?>
<!-- Generated by org.testng.reporters.JUnitReportReporter -->
<testsuite hostname="DESKTOP-JTCN2O7" name="api.medium_practice.MediumGet" tests="3" failures="0" timestamp="1 Apr 2019 03:32:36 GMT" time="0.955" errors="0">
  <testcase name="get" time="0.062" classname="api.medium_practice.MediumGet"/>
  <testcase name="get" time="0.825" classname="api.medium_practice.MediumGet"/>
  <testcase name="get" time="0.068" classname="api.medium_practice.MediumGet"/>
</testsuite> <!-- api.medium_practice.MediumGet -->
