<?xml version="1.0" encoding="UTF-8"?>
<!-- Generated by org.testng.reporters.JUnitReportReporter -->
<testsuite hostname="DESKTOP-JTCN2O7" name="api.medium_practice.MediumGet1WithHttpUtilUpdate" tests="3" failures="0" timestamp="1 Apr 2019 09:27:11 GMT" time="1.054" errors="0">
  <testcase name="get" time="0.925" classname="api.medium_practice.MediumGet1WithHttpUtilUpdate"/>
  <testcase name="get" time="0.069" classname="api.medium_practice.MediumGet1WithHttpUtilUpdate"/>
  <testcase name="get" time="0.060" classname="api.medium_practice.MediumGet1WithHttpUtilUpdate"/>
</testsuite> <!-- api.medium_practice.MediumGet1WithHttpUtilUpdate -->
