<?xml version="1.0" encoding="UTF-8"?>
<!-- Generated by org.testng.reporters.JUnitReportReporter -->
<testsuite hostname="DESKTOP-HLE2G3S" name="api.advanced.data_re_write_update.testcase.AllTestCase" tests="11" failures="0" timestamp="21 Apr 2019 14:09:38 GMT" time="1.769" errors="0">
  <testcase name="post" time="0.086" classname="api.advanced.data_re_write_update.testcase.AllTestCase"/>
  <testcase name="post" time="0.084" classname="api.advanced.data_re_write_update.testcase.AllTestCase"/>
  <testcase name="post" time="0.090" classname="api.advanced.data_re_write_update.testcase.AllTestCase"/>
  <testcase name="post" time="0.094" classname="api.advanced.data_re_write_update.testcase.AllTestCase"/>
  <testcase name="post" time="0.086" classname="api.advanced.data_re_write_update.testcase.AllTestCase"/>
  <testcase name="post" time="0.087" classname="api.advanced.data_re_write_update.testcase.AllTestCase"/>
  <testcase name="post" time="0.083" classname="api.advanced.data_re_write_update.testcase.AllTestCase"/>
  <testcase name="post" time="0.083" classname="api.advanced.data_re_write_update.testcase.AllTestCase"/>
  <testcase name="post" time="0.093" classname="api.advanced.data_re_write_update.testcase.AllTestCase"/>
  <testcase name="post" time="0.896" classname="api.advanced.data_re_write_update.testcase.AllTestCase"/>
  <testcase name="post" time="0.087" classname="api.advanced.data_re_write_update.testcase.AllTestCase"/>
</testsuite> <!-- api.advanced.data_re_write_update.testcase.AllTestCase -->
