<?xml version="1.0" encoding="UTF-8"?>
<!-- Generated by org.testng.reporters.JUnitReportReporter -->
<testsuite hostname="DESKTOP-JTCN2O7" name="api.advanced.data_check_cookies.testcase.AllTestCase" tests="28" failures="0" timestamp="29 Apr 2019 08:43:42 GMT" time="9.795" errors="0">
  <testcase name="request" time="0.423" classname="api.advanced.data_check_cookies.testcase.AllTestCase"/>
  <testcase name="request" time="0.097" classname="api.advanced.data_check_cookies.testcase.AllTestCase"/>
  <testcase name="request" time="0.089" classname="api.advanced.data_check_cookies.testcase.AllTestCase"/>
  <testcase name="request" time="0.095" classname="api.advanced.data_check_cookies.testcase.AllTestCase"/>
  <testcase name="request" time="0.088" classname="api.advanced.data_check_cookies.testcase.AllTestCase"/>
  <testcase name="request" time="0.089" classname="api.advanced.data_check_cookies.testcase.AllTestCase"/>
  <testcase name="request" time="0.088" classname="api.advanced.data_check_cookies.testcase.AllTestCase"/>
  <testcase name="request" time="0.087" classname="api.advanced.data_check_cookies.testcase.AllTestCase"/>
  <testcase name="request" time="0.763" classname="api.advanced.data_check_cookies.testcase.AllTestCase"/>
  <testcase name="request" time="0.089" classname="api.advanced.data_check_cookies.testcase.AllTestCase"/>
  <testcase name="request" time="0.086" classname="api.advanced.data_check_cookies.testcase.AllTestCase"/>
  <testcase name="request" time="0.769" classname="api.advanced.data_check_cookies.testcase.AllTestCase"/>
  <testcase name="request" time="0.085" classname="api.advanced.data_check_cookies.testcase.AllTestCase"/>
  <testcase name="request" time="0.086" classname="api.advanced.data_check_cookies.testcase.AllTestCase"/>
  <testcase name="request" time="0.086" classname="api.advanced.data_check_cookies.testcase.AllTestCase"/>
  <testcase name="request" time="0.087" classname="api.advanced.data_check_cookies.testcase.AllTestCase"/>
  <testcase name="request" time="0.089" classname="api.advanced.data_check_cookies.testcase.AllTestCase"/>
  <testcase name="request" time="2.062" classname="api.advanced.data_check_cookies.testcase.AllTestCase"/>
  <testcase name="request" time="0.412" classname="api.advanced.data_check_cookies.testcase.AllTestCase"/>
  <testcase name="request" time="0.085" classname="api.advanced.data_check_cookies.testcase.AllTestCase"/>
  <testcase name="request" time="0.424" classname="api.advanced.data_check_cookies.testcase.AllTestCase"/>
  <testcase name="request" time="1.092" classname="api.advanced.data_check_cookies.testcase.AllTestCase"/>
  <testcase name="request" time="1.407" classname="api.advanced.data_check_cookies.testcase.AllTestCase"/>
  <testcase name="request" time="0.086" classname="api.advanced.data_check_cookies.testcase.AllTestCase"/>
  <testcase name="request" time="0.427" classname="api.advanced.data_check_cookies.testcase.AllTestCase"/>
  <testcase name="request" time="0.094" classname="api.advanced.data_check_cookies.testcase.AllTestCase"/>
  <testcase name="request" time="0.421" classname="api.advanced.data_check_cookies.testcase.AllTestCase"/>
  <testcase name="request" time="0.089" classname="api.advanced.data_check_cookies.testcase.AllTestCase"/>
</testsuite> <!-- api.advanced.data_check_cookies.testcase.AllTestCase -->
