<?xml version="1.0" encoding="UTF-8"?>
<!-- Generated by org.testng.reporters.JUnitReportReporter -->
<testsuite hostname="DESKTOP-HLE2G3S" name="api.advanced.data_re_write.AllTestCase" tests="11" failures="0" timestamp="10 Apr 2019 17:12:05 GMT" time="2.036" errors="0">
  <testcase name="post" time="0.109" classname="api.advanced.data_re_write.AllTestCase"/>
  <testcase name="post" time="0.112" classname="api.advanced.data_re_write.AllTestCase"/>
  <testcase name="post" time="0.140" classname="api.advanced.data_re_write.AllTestCase"/>
  <testcase name="post" time="0.103" classname="api.advanced.data_re_write.AllTestCase"/>
  <testcase name="post" time="0.117" classname="api.advanced.data_re_write.AllTestCase"/>
  <testcase name="post" time="0.159" classname="api.advanced.data_re_write.AllTestCase"/>
  <testcase name="post" time="0.121" classname="api.advanced.data_re_write.AllTestCase"/>
  <testcase name="post" time="0.153" classname="api.advanced.data_re_write.AllTestCase"/>
  <testcase name="post" time="0.815" classname="api.advanced.data_re_write.AllTestCase"/>
  <testcase name="post" time="0.103" classname="api.advanced.data_re_write.AllTestCase"/>
  <testcase name="post" time="0.104" classname="api.advanced.data_re_write.AllTestCase"/>
</testsuite> <!-- api.advanced.data_re_write.AllTestCase -->
