<?xml version="1.0" encoding="UTF-8"?>
<!-- Generated by org.testng.reporters.JUnitReportReporter -->
<testsuite hostname="DESKTOP-JTCN2O7" name="api.medium_practice.MediumGet11" tests="6" failures="0" timestamp="1 Apr 2019 06:20:45 GMT" time="1.151" errors="0">
  <testcase name="post" time="0.062" classname="api.medium_practice.MediumGet11"/>
  <testcase name="post" time="0.077" classname="api.medium_practice.MediumGet11"/>
  <testcase name="get" time="0.821" classname="api.medium_practice.MediumGet11"/>
  <testcase name="get" time="0.061" classname="api.medium_practice.MediumGet11"/>
  <testcase name="get" time="0.061" classname="api.medium_practice.MediumGet11"/>
  <testcase name="post" time="0.069" classname="api.medium_practice.MediumGet11"/>
</testsuite> <!-- api.medium_practice.MediumGet11 -->
