<?xml version="1.0" encoding="UTF-8"?>
<!-- Generated by org.testng.reporters.JUnitReportReporter -->
<testsuite hostname="DESKTOP-HLE2G3S" name="api.medium.MediumGet1Update3" tests="3" failures="0" timestamp="31 Mar 2019 17:07:37 GMT" time="0.603" errors="0">
  <testcase name="Get1Update" time="0.006" classname="api.medium.MediumGet1Update3"/>
  <testcase name="Get1Update" time="0.591" classname="api.medium.MediumGet1Update3"/>
  <testcase name="Get1Update" time="0.006" classname="api.medium.MediumGet1Update3"/>
</testsuite> <!-- api.medium.MediumGet1Update3 -->
