<?xml version="1.0" encoding="UTF-8"?>
<!-- Generated by org.testng.reporters.JUnitReportReporter -->
<testsuite hostname="DESKTOP-JTCN2O7" name="api.retry.Get" tests="4" failures="0" timestamp="15 Apr 2019 06:56:58 GMT" time="0.927" errors="0">
  <testcase name="get" time="0.059" classname="api.retry.Get"/>
  <testcase name="get" time="0.068" classname="api.retry.Get"/>
  <testcase name="get" time="0.733" classname="api.retry.Get"/>
  <testcase name="get" time="0.067" classname="api.retry.Get"/>
</testsuite> <!-- api.retry.Get -->
