<?xml version="1.0" encoding="UTF-8"?>
<!-- Generated by org.testng.reporters.JUnitReportReporter -->
<testsuite hostname="DESKTOP-JTCN2O7" name="api.retry.Get" tests="4" failures="0" timestamp="12 Apr 2019 09:35:18 GMT" time="1.012" errors="0">
  <testcase name="get" time="0.103" classname="api.retry.Get"/>
  <testcase name="get" time="0.736" classname="api.retry.Get"/>
  <testcase name="get" time="0.093" classname="api.retry.Get"/>
  <testcase name="get" time="0.080" classname="api.retry.Get"/>
</testsuite> <!-- api.retry.Get -->
