<?xml version="1.0" encoding="UTF-8"?>
<!-- Generated by org.testng.reporters.JUnitReportReporter -->
<testsuite hostname="DESKTOP-HLE2G3S" name="com.testng.NoNormalMethod" tests="6" failures="0" timestamp="23 Mar 2019 13:33:33 GMT" time="1.007" errors="0">
  <testcase name="f4" time="1.006" classname="com.testng.NoNormalMethod"/>
  <testcase name="f1" time="0.000" classname="com.testng.NoNormalMethod"/>
  <testcase name="f7" time="0.000" classname="com.testng.NoNormalMethod"/>
  <testcase name="f3" time="0.000" classname="com.testng.NoNormalMethod"/>
  <testcase name="f5" time="0.001" classname="com.testng.NoNormalMethod"/>
  <testcase name="f6" time="0.000" classname="com.testng.NoNormalMethod"/>
</testsuite> <!-- com.testng.NoNormalMethod -->
