<?xml version="1.0" encoding="UTF-8"?>
<!-- Generated by org.testng.reporters.JUnitReportReporter -->
<testsuite hostname="DESKTOP-JTCN2O7" name="com.testng1.TestBase" tests="2" failures="0" timestamp="9 May 2019 09:01:18 GMT" time="0.007" errors="0">
  <testcase name="f2" time="0.001" classname="com.testng1.TestBase"/>
  <testcase name="f1" time="0.006" classname="com.testng1.TestBase"/>
</testsuite> <!-- com.testng1.TestBase -->
