<?xml version="1.0" encoding="UTF-8"?>
<!-- Generated by org.testng.reporters.JUnitReportReporter -->
<testsuite hostname="DESKTOP-JTCN2O7" name="api.medium_practice.MediumGet1" tests="3" failures="0" timestamp="1 Apr 2019 06:14:45 GMT" time="0.963" errors="0">
  <testcase name="post" time="0.819" classname="api.medium_practice.MediumGet1"/>
  <testcase name="post" time="0.068" classname="api.medium_practice.MediumGet1"/>
  <testcase name="post" time="0.076" classname="api.medium_practice.MediumGet1"/>
</testsuite> <!-- api.medium_practice.MediumGet1 -->
