<?xml version="1.0" encoding="UTF-8"?>
<!-- Generated by org.testng.reporters.JUnitReportReporter -->
<testsuite hostname="DESKTOP-HLE2G3S" name="com.testng.Invest_Forward_Test" tests="2" failures="0" timestamp="23 Mar 2019 13:33:33 GMT" time="0.005" errors="0">
  <testcase name="f2" time="0.004" classname="com.testng.Invest_Forward_Test"/>
  <testcase name="f1" time="0.001" classname="com.testng.Invest_Forward_Test"/>
</testsuite> <!-- com.testng.Invest_Forward_Test -->
