<?xml version="1.0" encoding="UTF-8"?>
<!-- Generated by org.testng.reporters.JUnitReportReporter -->
<testsuite hostname="DESKTOP-HLE2G3S" name="api.medium_practice.MediumGet1WithExcelUtils" tests="6" failures="0" timestamp="1 Apr 2019 12:29:16 GMT" time="0.642" errors="0">
  <testcase name="post" time="0.010" classname="api.medium_practice.MediumGet1WithExcelUtils"/>
  <testcase name="get" time="0.008" classname="api.medium_practice.MediumGet1WithExcelUtils"/>
  <testcase name="get" time="0.589" classname="api.medium_practice.MediumGet1WithExcelUtils"/>
  <testcase name="get" time="0.008" classname="api.medium_practice.MediumGet1WithExcelUtils"/>
  <testcase name="post" time="0.020" classname="api.medium_practice.MediumGet1WithExcelUtils"/>
  <testcase name="post" time="0.007" classname="api.medium_practice.MediumGet1WithExcelUtils"/>
</testsuite> <!-- api.medium_practice.MediumGet1WithExcelUtils -->
