<?xml version="1.0" encoding="UTF-8"?>
<!-- Generated by org.testng.reporters.JUnitReportReporter -->
<testsuite hostname="DESKTOP-HLE2G3S" name="api.retry.testcase.RequestTestCase" tests="11" failures="0" timestamp="16 Apr 2019 14:56:15 GMT" time="2.993" errors="0">
  <testcase name="get" time="0.220" classname="api.retry.testcase.RequestTestCase"/>
  <testcase name="get" time="0.117" classname="api.retry.testcase.RequestTestCase"/>
  <testcase name="get" time="0.285" classname="api.retry.testcase.RequestTestCase"/>
  <testcase name="get" time="0.110" classname="api.retry.testcase.RequestTestCase"/>
  <testcase name="get" time="0.177" classname="api.retry.testcase.RequestTestCase"/>
  <testcase name="get" time="0.161" classname="api.retry.testcase.RequestTestCase"/>
  <testcase name="get" time="0.126" classname="api.retry.testcase.RequestTestCase"/>
  <testcase name="get" time="0.250" classname="api.retry.testcase.RequestTestCase"/>
  <testcase name="get" time="1.208" classname="api.retry.testcase.RequestTestCase"/>
  <testcase name="get" time="0.152" classname="api.retry.testcase.RequestTestCase"/>
  <testcase name="get" time="0.187" classname="api.retry.testcase.RequestTestCase"/>
</testsuite> <!-- api.retry.testcase.RequestTestCase -->
