<?xml version="1.0" encoding="UTF-8"?>
<!-- Generated by org.testng.reporters.JUnitReportReporter -->
<testsuite hostname="DESKTOP-HLE2G3S" name="api.medium_practice.MediumGet11" tests="6" failures="0" timestamp="2 Apr 2019 11:39:22 GMT" time="1.175" errors="0">
  <testcase name="post" time="0.103" classname="api.medium_practice.MediumGet11"/>
  <testcase name="post" time="0.091" classname="api.medium_practice.MediumGet11"/>
  <testcase name="get" time="0.719" classname="api.medium_practice.MediumGet11"/>
  <testcase name="get" time="0.081" classname="api.medium_practice.MediumGet11"/>
  <testcase name="post" time="0.090" classname="api.medium_practice.MediumGet11"/>
  <testcase name="get" time="0.091" classname="api.medium_practice.MediumGet11"/>
</testsuite> <!-- api.medium_practice.MediumGet11 -->
