<?xml version="1.0" encoding="UTF-8"?>
<!-- Generated by org.testng.reporters.JUnitReportReporter -->
<testsuite hostname="DESKTOP-HLE2G3S" name="api.advanced.data_check.testcase.AllTestCase" tests="11" failures="0" timestamp="21 Apr 2019 17:21:51 GMT" time="3.608" errors="0">
  <testcase name="post" time="0.088" classname="api.advanced.data_check.testcase.AllTestCase"/>
  <testcase name="post" time="0.431" classname="api.advanced.data_check.testcase.AllTestCase"/>
  <testcase name="post" time="0.089" classname="api.advanced.data_check.testcase.AllTestCase"/>
  <testcase name="post" time="2.034" classname="api.advanced.data_check.testcase.AllTestCase"/>
  <testcase name="post" time="0.096" classname="api.advanced.data_check.testcase.AllTestCase"/>
  <testcase name="post" time="0.419" classname="api.advanced.data_check.testcase.AllTestCase"/>
  <testcase name="post" time="0.091" classname="api.advanced.data_check.testcase.AllTestCase"/>
  <testcase name="post" time="0.087" classname="api.advanced.data_check.testcase.AllTestCase"/>
  <testcase name="post" time="0.095" classname="api.advanced.data_check.testcase.AllTestCase"/>
  <testcase name="post" time="0.092" classname="api.advanced.data_check.testcase.AllTestCase"/>
  <testcase name="post" time="0.086" classname="api.advanced.data_check.testcase.AllTestCase"/>
</testsuite> <!-- api.advanced.data_check.testcase.AllTestCase -->
