<?xml version="1.0" encoding="UTF-8"?>
<!-- Generated by org.testng.reporters.JUnitReportReporter -->
<testsuite hostname="DESKTOP-HLE2G3S" name="com.testng.Invest_Reverse_Test" tests="2" failures="0" timestamp="23 Mar 2019 13:33:33 GMT" time="0.004" errors="0">
  <testcase name="f3" time="0.002" classname="com.testng.Invest_Reverse_Test"/>
  <testcase name="f4" time="0.002" classname="com.testng.Invest_Reverse_Test"/>
</testsuite> <!-- com.testng.Invest_Reverse_Test -->
