<?xml version="1.0" encoding="UTF-8"?>
<!-- Generated by org.testng.reporters.JUnitReportReporter -->
<testsuite hostname="DESKTOP-JTCN2O7" name="api.advanced.data_check.testcase.AllTestCase" tests="28" failures="0" timestamp="23 Apr 2019 09:20:43 GMT" time="4.889" errors="0">
  <testcase name="request" time="0.068" classname="api.advanced.data_check.testcase.AllTestCase"/>
  <testcase name="request" time="0.298" classname="api.advanced.data_check.testcase.AllTestCase"/>
  <testcase name="request" time="0.077" classname="api.advanced.data_check.testcase.AllTestCase"/>
  <testcase name="request" time="0.081" classname="api.advanced.data_check.testcase.AllTestCase"/>
  <testcase name="request" time="0.070" classname="api.advanced.data_check.testcase.AllTestCase"/>
  <testcase name="request" time="0.315" classname="api.advanced.data_check.testcase.AllTestCase"/>
  <testcase name="request" time="0.061" classname="api.advanced.data_check.testcase.AllTestCase"/>
  <testcase name="request" time="0.065" classname="api.advanced.data_check.testcase.AllTestCase"/>
  <testcase name="request" time="0.610" classname="api.advanced.data_check.testcase.AllTestCase"/>
  <testcase name="request" time="0.059" classname="api.advanced.data_check.testcase.AllTestCase"/>
  <testcase name="request" time="0.070" classname="api.advanced.data_check.testcase.AllTestCase"/>
  <testcase name="request" time="0.060" classname="api.advanced.data_check.testcase.AllTestCase"/>
  <testcase name="request" time="1.275" classname="api.advanced.data_check.testcase.AllTestCase"/>
  <testcase name="request" time="0.061" classname="api.advanced.data_check.testcase.AllTestCase"/>
  <testcase name="request" time="0.079" classname="api.advanced.data_check.testcase.AllTestCase"/>
  <testcase name="request" time="0.324" classname="api.advanced.data_check.testcase.AllTestCase"/>
  <testcase name="request" time="0.289" classname="api.advanced.data_check.testcase.AllTestCase"/>
  <testcase name="request" time="0.075" classname="api.advanced.data_check.testcase.AllTestCase"/>
  <testcase name="request" time="0.074" classname="api.advanced.data_check.testcase.AllTestCase"/>
  <testcase name="request" time="0.074" classname="api.advanced.data_check.testcase.AllTestCase"/>
  <testcase name="request" time="0.066" classname="api.advanced.data_check.testcase.AllTestCase"/>
  <testcase name="request" time="0.063" classname="api.advanced.data_check.testcase.AllTestCase"/>
  <testcase name="request" time="0.071" classname="api.advanced.data_check.testcase.AllTestCase"/>
  <testcase name="request" time="0.067" classname="api.advanced.data_check.testcase.AllTestCase"/>
  <testcase name="request" time="0.322" classname="api.advanced.data_check.testcase.AllTestCase"/>
  <testcase name="request" time="0.067" classname="api.advanced.data_check.testcase.AllTestCase"/>
  <testcase name="request" time="0.079" classname="api.advanced.data_check.testcase.AllTestCase"/>
  <testcase name="request" time="0.069" classname="api.advanced.data_check.testcase.AllTestCase"/>
</testsuite> <!-- api.advanced.data_check.testcase.AllTestCase -->
