<?xml version="1.0" encoding="UTF-8"?>
<!-- Generated by org.testng.reporters.JUnitReportReporter -->
<testsuite hostname="DESKTOP-JTCN2O7" name="api.retry.RequestTestCase" tests="11" failures="0" timestamp="16 Apr 2019 07:45:55 GMT" time="2.004" errors="0">
  <testcase name="get" time="0.134" classname="api.retry.RequestTestCase"/>
  <testcase name="get" time="0.121" classname="api.retry.RequestTestCase"/>
  <testcase name="get" time="0.868" classname="api.retry.RequestTestCase"/>
  <testcase name="get" time="0.120" classname="api.retry.RequestTestCase"/>
  <testcase name="get" time="0.105" classname="api.retry.RequestTestCase"/>
  <testcase name="get" time="0.099" classname="api.retry.RequestTestCase"/>
  <testcase name="get" time="0.115" classname="api.retry.RequestTestCase"/>
  <testcase name="get" time="0.109" classname="api.retry.RequestTestCase"/>
  <testcase name="get" time="0.117" classname="api.retry.RequestTestCase"/>
  <testcase name="get" time="0.104" classname="api.retry.RequestTestCase"/>
  <testcase name="get" time="0.112" classname="api.retry.RequestTestCase"/>
</testsuite> <!-- api.retry.RequestTestCase -->
