<?xml version="1.0" encoding="UTF-8"?>
<!-- Generated by org.testng.reporters.JUnitReportReporter -->
<testsuite hostname="DESKTOP-HLE2G3S" name="api.advanced.test.AllTestCase" tests="11" failures="0" timestamp="7 Apr 2019 05:46:26 GMT" time="1.653" errors="0">
  <testcase name="post" time="0.072" classname="api.advanced.test.AllTestCase"/>
  <testcase name="post" time="0.081" classname="api.advanced.test.AllTestCase"/>
  <testcase name="post" time="0.714" classname="api.advanced.test.AllTestCase"/>
  <testcase name="post" time="0.086" classname="api.advanced.test.AllTestCase"/>
  <testcase name="post" time="0.084" classname="api.advanced.test.AllTestCase"/>
  <testcase name="post" time="0.087" classname="api.advanced.test.AllTestCase"/>
  <testcase name="post" time="0.080" classname="api.advanced.test.AllTestCase"/>
  <testcase name="post" time="0.093" classname="api.advanced.test.AllTestCase"/>
  <testcase name="post" time="0.091" classname="api.advanced.test.AllTestCase"/>
  <testcase name="post" time="0.096" classname="api.advanced.test.AllTestCase"/>
  <testcase name="post" time="0.169" classname="api.advanced.test.AllTestCase"/>
</testsuite> <!-- api.advanced.test.AllTestCase -->
